#
# There is insufficient memory for the Java Runtime Environment to continue.
# Native memory allocation (malloc) failed to allocate 48576 bytes for Chunk::new
# Possible reasons:
#   The system is out of physical RAM or swap space
#   The process is running with CompressedOops enabled, and the Java Heap may be blocking the growth of the native heap
# Possible solutions:
#   Reduce memory load on the system
#   Increase physical memory or swap space
#   Check if swap backing store is full
#   Decrease Java heap size (-Xmx/-Xms)
#   Decrease number of Java threads
#   Decrease Java thread stack sizes (-Xss)
#   Set larger code cache with -XX:ReservedCodeCacheSize=
#   JVM is running with Unscaled Compressed Oops mode in which the Java heap is
#     placed in the first 4GB address space. The Java Heap base address is the
#     maximum limit for the native heap growth. Please use -XX:HeapBaseMinAddress
#     to set the Java Heap base and to place the Java Heap above 4GB virtual address.
# This output file may be truncated or incomplete.
#
#  Out of Memory Error (arena.cpp:189), pid=4240, tid=32860
#
# JRE version: OpenJDK Runtime Environment Temurin-17.0.7+7 (17.0.7+7) (build 17.0.7+7)
# Java VM: OpenJDK 64-Bit Server VM Temurin-17.0.7+7 (17.0.7+7, mixed mode, tiered, compressed oops, compressed class ptrs, parallel gc, windows-amd64)
# No core dump will be written. Minidumps are not enabled by default on client versions of Windows
#

---------------  S U M M A R Y ------------

Command Line: --add-modules=ALL-SYSTEM --add-opens=java.base/java.util=ALL-UNNAMED --add-opens=java.base/java.lang=ALL-UNNAMED --add-opens=java.base/sun.nio.fs=ALL-UNNAMED -Declipse.application=org.eclipse.jdt.ls.core.id1 -Dosgi.bundles.defaultStartLevel=4 -Declipse.product=org.eclipse.jdt.ls.core.product -Djava.import.generatesMetadataFilesAtProjectRoot=false -Dfile.encoding=utf8 -XX:+UseParallelGC -XX:GCTimeRatio=4 -XX:AdaptiveSizePolicyWeight=90 -Dsun.zip.disableMemoryMapping=true -Xmx1G -Xms100m -Xlog:disable -javaagent:c:\Users\Student\.vscode\extensions\redhat.java-1.21.0-win32-x64\lombok\lombok-1.18.28.jar -XX:+HeapDumpOnOutOfMemoryError -XX:HeapDumpPath=c:\Users\Student\AppData\Roaming\Code\User\workspaceStorage\66715cf3e2565ab72035d3590ffa100e\redhat.java -Daether.dependencyCollector.impl=bf c:\Users\Student\.vscode\extensions\redhat.java-1.21.0-win32-x64\server\plugins\org.eclipse.equinox.launcher_1.6.500.v20230717-2134.jar -configuration c:\Users\Student\AppData\Roaming\Code\User\globalStorage\redhat.java\1.21.0\config_win -data c:\Users\Student\AppData\Roaming\Code\User\workspaceStorage\66715cf3e2565ab72035d3590ffa100e\redhat.java\jdt_ws

Host: Intel(R) Core(TM) i5-1035G1 CPU @ 1.00GHz, 8 cores, 15G,  Windows 10 , 64 bit Build 19041 (10.0.19041.3155)
Time: Wed Aug  2 23:59:47 2023 Mitteleuropäische Sommerzeit elapsed time: 0.412539 seconds (0d 0h 0m 0s)

---------------  T H R E A D  ---------------

Current thread (0x00000197446a8c80):  JavaThread "C2 CompilerThread0" daemon [_thread_in_native, id=32860, stack(0x00000072a6100000,0x00000072a6200000)]


Current CompileTask:
C2:    412  132       4       java.lang.String::hashCode (60 bytes)

Stack: [0x00000072a6100000,0x00000072a6200000]
Native frames: (J=compiled Java code, j=interpreted, Vv=VM code, C=native code)
V  [jvm.dll+0x67754a]
V  [jvm.dll+0x834304]
V  [jvm.dll+0x835aae]
V  [jvm.dll+0x836113]
V  [jvm.dll+0x24696f]
V  [jvm.dll+0xac0ac]
V  [jvm.dll+0xac67c]
V  [jvm.dll+0x2adbef]
V  [jvm.dll+0x580067]
V  [jvm.dll+0x221e72]
V  [jvm.dll+0x22224f]
V  [jvm.dll+0x21b4a5]
V  [jvm.dll+0x21895b]
V  [jvm.dll+0x1a4d8d]
V  [jvm.dll+0x2284da]
V  [jvm.dll+0x226615]
V  [jvm.dll+0x7ea90b]
V  [jvm.dll+0x7e4e7a]
V  [jvm.dll+0x676395]
C  [ucrtbase.dll+0x21bb2]
C  [KERNEL32.DLL+0x17614]
C  [ntdll.dll+0x526b1]


---------------  P R O C E S S  ---------------

Threads class SMR info:
_java_thread_list=0x00000197447ce7e0, length=12, elements={
0x000001972b4fe890, 0x000001973f383750, 0x000001973f385310, 0x0000019744691f50,
0x0000019744693020, 0x0000019744694370, 0x0000019744694d30, 0x00000197446a8c80,
0x00000197446adbe0, 0x00000197446ae700, 0x00000197447bc000, 0x0000019744875430
}

Java Threads: ( => current thread )
  0x000001972b4fe890 JavaThread "main" [_thread_in_native, id=23336, stack(0x00000072a5700000,0x00000072a5800000)]
  0x000001973f383750 JavaThread "Reference Handler" daemon [_thread_blocked, id=20816, stack(0x00000072a5b00000,0x00000072a5c00000)]
  0x000001973f385310 JavaThread "Finalizer" daemon [_thread_blocked, id=23884, stack(0x00000072a5c00000,0x00000072a5d00000)]
  0x0000019744691f50 JavaThread "Signal Dispatcher" daemon [_thread_blocked, id=21928, stack(0x00000072a5d00000,0x00000072a5e00000)]
  0x0000019744693020 JavaThread "Attach Listener" daemon [_thread_blocked, id=16632, stack(0x00000072a5e00000,0x00000072a5f00000)]
  0x0000019744694370 JavaThread "Service Thread" daemon [_thread_blocked, id=30912, stack(0x00000072a5f00000,0x00000072a6000000)]
  0x0000019744694d30 JavaThread "Monitor Deflation Thread" daemon [_thread_blocked, id=31880, stack(0x00000072a6000000,0x00000072a6100000)]
=>0x00000197446a8c80 JavaThread "C2 CompilerThread0" daemon [_thread_in_native, id=32860, stack(0x00000072a6100000,0x00000072a6200000)]
  0x00000197446adbe0 JavaThread "C1 CompilerThread0" daemon [_thread_blocked, id=21080, stack(0x00000072a6200000,0x00000072a6300000)]
  0x00000197446ae700 JavaThread "Sweeper thread" daemon [_thread_blocked, id=27300, stack(0x00000072a6300000,0x00000072a6400000)]
  0x00000197447bc000 JavaThread "Common-Cleaner" daemon [_thread_blocked, id=9952, stack(0x00000072a6400000,0x00000072a6500000)]
  0x0000019744875430 JavaThread "C2 CompilerThread1" daemon [_thread_in_native, id=30104, stack(0x00000072a6500000,0x00000072a6600000)]

Other Threads:
  0x0000019744680c20 VMThread "VM Thread" [stack: 0x00000072a5a00000,0x00000072a5b00000] [id=7448]
  0x000001972b5153e0 GCTaskThread "GC Thread#0" [stack: 0x00000072a5900000,0x00000072a5a00000] [id=11504]

Threads with active compile tasks:
C2 CompilerThread0      443  132       4       java.lang.String::hashCode (60 bytes)
C2 CompilerThread1      443  175       4       java.util.HashMap::putVal (300 bytes)

VM state: not at safepoint (normal execution)

VM Mutex/Monitor currently owned by a thread: None

Heap address: 0x00000000c0000000, size: 1024 MB, Compressed Oops mode: 32-bit

CDS archive(s) not mapped
Compressed class space mapped at: 0x0000000100000000-0x0000000140000000, reserved size: 1073741824
Narrow klass base: 0x0000000000000000, Narrow klass shift: 3, Narrow klass range: 0x140000000

GC Precious Log:
 CPUs: 8 total, 8 available
 Memory: 16040M
 Large Page Support: Disabled
 NUMA Support: Disabled
 Compressed Oops: Enabled (32-bit)
 Alignments: Space 512K, Generation 512K, Heap 2M
 Heap Min Capacity: 100M
 Heap Initial Capacity: 100M
 Heap Max Capacity: 1G
 Pre-touch: Disabled
 Parallel Workers: 8

Heap:
 PSYoungGen      total 29696K, used 2560K [0x00000000eab00000, 0x00000000ecc00000, 0x0000000100000000)
  eden space 25600K, 10% used [0x00000000eab00000,0x00000000ead80270,0x00000000ec400000)
  from space 4096K, 0% used [0x00000000ec800000,0x00000000ec800000,0x00000000ecc00000)
  to   space 4096K, 0% used [0x00000000ec400000,0x00000000ec400000,0x00000000ec800000)
 ParOldGen       total 68608K, used 0K [0x00000000c0000000, 0x00000000c4300000, 0x00000000eab00000)
  object space 68608K, 0% used [0x00000000c0000000,0x00000000c0000000,0x00000000c4300000)
 Metaspace       used 4462K, committed 4672K, reserved 1114112K
  class space    used 413K, committed 512K, reserved 1048576K

Card table byte_map: [0x000001972aee0000,0x000001972b0f0000] _byte_map_base: 0x000001972a8e0000

Marking Bits: (ParMarkBitMap*) 0x00007fff2a4d52c0
 Begin Bits: [0x000001973d190000, 0x000001973e190000)
 End Bits:   [0x000001973e190000, 0x000001973f190000)

Polling page: 0x000001972acd0000

Metaspace:

Usage:
  Non-class:      3.96 MB used.
      Class:    413.41 KB used.
       Both:      4.36 MB used.

Virtual space:
  Non-class space:       64.00 MB reserved,       4.06 MB (  6%) committed,  1 nodes.
      Class space:        1.00 GB reserved,     512.00 KB ( <1%) committed,  1 nodes.
             Both:        1.06 GB reserved,       4.56 MB ( <1%) committed. 

Chunk freelists:
   Non-Class:  12.00 MB
       Class:  15.56 MB
        Both:  27.56 MB

MaxMetaspaceSize: unlimited
CompressedClassSpaceSize: 1.00 GB
Initial GC threshold: 21.00 MB
Current GC threshold: 21.00 MB
CDS: off
MetaspaceReclaimPolicy: balanced
 - commit_granule_bytes: 65536.
 - commit_granule_words: 8192.
 - virtual_space_node_default_size: 8388608.
 - enlarge_chunks_in_place: 1.
 - new_chunks_are_fully_committed: 0.
 - uncommit_free_chunks: 1.
 - use_allocation_guard: 0.
 - handle_deallocations: 1.


Internal statistics:

num_allocs_failed_limit: 0.
num_arena_births: 6.
num_arena_deaths: 0.
num_vsnodes_births: 2.
num_vsnodes_deaths: 0.
num_space_committed: 73.
num_space_uncommitted: 0.
num_chunks_returned_to_freelist: 0.
num_chunks_taken_from_freelist: 9.
num_chunk_merges: 0.
num_chunk_splits: 5.
num_chunks_enlarged: 2.
num_inconsistent_stats: 0.

CodeHeap 'non-profiled nmethods': size=120000Kb used=53Kb max_used=53Kb free=119946Kb
 bounds [0x0000019735c60000, 0x0000019735ed0000, 0x000001973d190000]
CodeHeap 'profiled nmethods': size=120000Kb used=216Kb max_used=216Kb free=119783Kb
 bounds [0x000001972e190000, 0x000001972e400000, 0x00000197356c0000]
CodeHeap 'non-nmethods': size=5760Kb used=1081Kb max_used=1093Kb free=4678Kb
 bounds [0x00000197356c0000, 0x0000019735930000, 0x0000019735c60000]
 total_blobs=532 nmethods=193 adapters=254
 compilation: enabled
              stopped_count=0, restarted_count=0
 full_count=0

Compilation events (20 events):
Event: 0.406 Thread 0x00000197446adbe0 nmethod 129 0x0000019735c68910 code [0x0000019735c68aa0, 0x0000019735c68b78]
Event: 0.406 Thread 0x00000197446adbe0  130       1       java.lang.module.ModuleDescriptor$Exports::targets (5 bytes)
Event: 0.406 Thread 0x00000197446adbe0 nmethod 130 0x0000019735c68c10 code [0x0000019735c68da0, 0x0000019735c68e78]
Event: 0.406 Thread 0x00000197446adbe0  128       1       java.util.ImmutableCollections$Set12::isEmpty (2 bytes)
Event: 0.406 Thread 0x00000197446adbe0 nmethod 128 0x0000019735c68f10 code [0x0000019735c690a0, 0x0000019735c69178]
Event: 0.406 Thread 0x00000197446adbe0  114       3       java.lang.module.Resolver::isTracing (13 bytes)
Event: 0.406 Thread 0x00000197446adbe0 nmethod 114 0x000001972e1b6210 code [0x000001972e1b63a0, 0x000001972e1b6518]
Event: 0.406 Thread 0x00000197446adbe0  134       3       java.util.ImmutableCollections$SetN::isEmpty (13 bytes)
Event: 0.406 Thread 0x00000197446adbe0 nmethod 134 0x000001972e1b6590 code [0x000001972e1b6720, 0x000001972e1b6898]
Event: 0.406 Thread 0x00000197446adbe0  135       3       java.util.HashMap::putIfAbsent (13 bytes)
Event: 0.407 Thread 0x00000197446adbe0 nmethod 135 0x000001972e1b6910 code [0x000001972e1b6ac0, 0x000001972e1b6db8]
Event: 0.407 Thread 0x00000197446adbe0  136       3       java.util.ImmutableCollections$Set12::contains (28 bytes)
Event: 0.407 Thread 0x00000197446adbe0 nmethod 136 0x000001972e1b6f10 code [0x000001972e1b70c0, 0x000001972e1b73f8]
Event: 0.407 Thread 0x00000197446adbe0  137       3       java.lang.Object::equals (11 bytes)
Event: 0.407 Thread 0x00000197446adbe0 nmethod 137 0x000001972e1b7510 code [0x000001972e1b76a0, 0x000001972e1b7818]
Event: 0.407 Thread 0x00000197446adbe0  138       3       java.util.ImmutableCollections$SetN::contains (26 bytes)
Event: 0.408 Thread 0x00000197446adbe0 nmethod 138 0x000001972e1b7890 code [0x000001972e1b7a60, 0x000001972e1b7d98]
Event: 0.408 Thread 0x00000197446adbe0  117       3       java.util.HashSet::add (20 bytes)
Event: 0.408 Thread 0x00000197446adbe0 nmethod 117 0x000001972e1b7e90 code [0x000001972e1b8040, 0x000001972e1b8268]
Event: 0.408 Thread 0x00000197446adbe0  140       3       java.util.HashMap::resize (358 bytes)

GC Heap History (0 events):
No events

Dll operation events (1 events):
Event: 0.016 Loaded shared library c:\Users\Student\.vscode\extensions\redhat.java-1.21.0-win32-x64\jre\17.0.7-win32-x86_64\bin\java.dll

Deoptimization events (0 events):
No events

Classes unloaded (0 events):
No events

Classes redefined (0 events):
No events

Internal exceptions (1 events):
Event: 0.379 Thread 0x000001972b4fe890 Exception <a 'java/lang/NoSuchMethodError'{0x00000000eacb2760}: 'void java.lang.invoke.DirectMethodHandle$Holder.invokeStatic(java.lang.Object, java.lang.Object, java.lang.Object)'> (0x00000000eacb2760) 
thrown [s\src\hotspot\share\interpreter\linkResolver.cpp, line 759]

VM Operations (2 events):
Event: 0.398 Executing VM operation: HandshakeAllThreads
Event: 0.398 Executing VM operation: HandshakeAllThreads done

Events (20 events):
Event: 0.393 loading class java/lang/module/ModuleFinder$1
Event: 0.393 loading class java/lang/module/ModuleFinder$1 done
Event: 0.393 loading class java/util/ImmutableCollections$ListItr
Event: 0.394 loading class java/util/ListIterator
Event: 0.394 loading class java/util/ListIterator done
Event: 0.394 loading class java/util/ImmutableCollections$ListItr done
Event: 0.396 loading class java/lang/ModuleLayer
Event: 0.396 loading class java/lang/ModuleLayer done
Event: 0.396 loading class java/util/HashMap$Values
Event: 0.397 loading class java/util/HashMap$Values done
Event: 0.397 loading class java/util/HashMap$ValueIterator
Event: 0.397 loading class java/util/HashMap$ValueIterator done
Event: 0.397 loading class java/util/LinkedHashSet
Event: 0.397 loading class java/util/LinkedHashSet done
Event: 0.398 loading class java/util/LinkedHashMap
Event: 0.398 loading class java/util/LinkedHashMap done
Event: 0.399 loading class java/util/Collections$UnmodifiableCollection$1
Event: 0.399 loading class java/util/Collections$UnmodifiableCollection$1 done
Event: 0.400 loading class java/lang/module/ResolvedModule
Event: 0.400 loading class java/lang/module/ResolvedModule done


Dynamic libraries:
0x00007ff7116c0000 - 0x00007ff7116ce000 	c:\Users\Student\.vscode\extensions\redhat.java-1.21.0-win32-x64\jre\17.0.7-win32-x86_64\bin\java.exe
0x00007ff8604f0000 - 0x00007ff8606e8000 	C:\Windows\SYSTEM32\ntdll.dll
0x00007ff85e900000 - 0x00007ff85e9bf000 	C:\Windows\System32\KERNEL32.DLL
0x00007ff85dbd0000 - 0x00007ff85dec6000 	C:\Windows\System32\KERNELBASE.dll
0x00007ff85e060000 - 0x00007ff85e160000 	C:\Windows\System32\ucrtbase.dll
0x00007fffcbab0000 - 0x00007fffcbac9000 	c:\Users\Student\.vscode\extensions\redhat.java-1.21.0-win32-x64\jre\17.0.7-win32-x86_64\bin\VCRUNTIME140.dll
0x00007fffcba90000 - 0x00007fffcbaa7000 	c:\Users\Student\.vscode\extensions\redhat.java-1.21.0-win32-x64\jre\17.0.7-win32-x86_64\bin\jli.dll
0x00007ff85e550000 - 0x00007ff85e6ed000 	C:\Windows\System32\USER32.dll
0x00007ff85e1f0000 - 0x00007ff85e212000 	C:\Windows\System32\win32u.dll
0x00007ff85fee0000 - 0x00007ff85ff0c000 	C:\Windows\System32\GDI32.dll
0x00007ff839b80000 - 0x00007ff839e1a000 	C:\Windows\WinSxS\amd64_microsoft.windows.common-controls_6595b64144ccf1df_6.0.19041.1110_none_60b5254171f9507e\COMCTL32.dll
0x00007ff85e2c0000 - 0x00007ff85e3d5000 	C:\Windows\System32\gdi32full.dll
0x00007ff85e800000 - 0x00007ff85e89e000 	C:\Windows\System32\msvcrt.dll
0x00007ff85e220000 - 0x00007ff85e2bd000 	C:\Windows\System32\msvcp_win.dll
0x00007ff85e9c0000 - 0x00007ff85e9f0000 	C:\Windows\System32\IMM32.DLL
0x00007fffcc250000 - 0x00007fffcc25c000 	c:\Users\Student\.vscode\extensions\redhat.java-1.21.0-win32-x64\jre\17.0.7-win32-x86_64\bin\vcruntime140_1.dll
0x00007fff2c5f0000 - 0x00007fff2c681000 	c:\Users\Student\.vscode\extensions\redhat.java-1.21.0-win32-x64\jre\17.0.7-win32-x86_64\bin\msvcp140.dll
0x00007fff29950000 - 0x00007fff2a598000 	c:\Users\Student\.vscode\extensions\redhat.java-1.21.0-win32-x64\jre\17.0.7-win32-x86_64\bin\server\jvm.dll
0x00007ff85e750000 - 0x00007ff85e7ff000 	C:\Windows\System32\ADVAPI32.dll
0x00007ff85f660000 - 0x00007ff85f6fc000 	C:\Windows\System32\sechost.dll
0x00007ff85f230000 - 0x00007ff85f356000 	C:\Windows\System32\RPCRT4.dll
0x00007ff84bbe0000 - 0x00007ff84bbe9000 	C:\Windows\SYSTEM32\WSOCK32.dll
0x00007ff85f700000 - 0x00007ff85f76b000 	C:\Windows\System32\WS2_32.dll
0x00007ff84c460000 - 0x00007ff84c487000 	C:\Windows\SYSTEM32\WINMM.dll
0x00007ff855670000 - 0x00007ff85567a000 	C:\Windows\SYSTEM32\VERSION.dll
0x00007ff85c400000 - 0x00007ff85c412000 	C:\Windows\SYSTEM32\kernel.appcore.dll
0x00007fffcbaf0000 - 0x00007fffcbafa000 	c:\Users\Student\.vscode\extensions\redhat.java-1.21.0-win32-x64\jre\17.0.7-win32-x86_64\bin\jimage.dll
0x00007ff85ba50000 - 0x00007ff85bc34000 	C:\Windows\SYSTEM32\DBGHELP.DLL
0x00007ff84e000000 - 0x00007ff84e034000 	C:\Windows\SYSTEM32\dbgcore.DLL
0x00007ff85e160000 - 0x00007ff85e1e2000 	C:\Windows\System32\bcryptPrimitives.dll
0x00007fffcba80000 - 0x00007fffcba8e000 	c:\Users\Student\.vscode\extensions\redhat.java-1.21.0-win32-x64\jre\17.0.7-win32-x86_64\bin\instrument.dll
0x00007fff67780000 - 0x00007fff677a5000 	c:\Users\Student\.vscode\extensions\redhat.java-1.21.0-win32-x64\jre\17.0.7-win32-x86_64\bin\java.dll
0x00007fffcba60000 - 0x00007fffcba78000 	c:\Users\Student\.vscode\extensions\redhat.java-1.21.0-win32-x64\jre\17.0.7-win32-x86_64\bin\zip.dll
0x00007ff85ead0000 - 0x00007ff85f214000 	C:\Windows\System32\SHELL32.dll
0x00007ff85bc60000 - 0x00007ff85c3f4000 	C:\Windows\SYSTEM32\windows.storage.dll
0x00007ff860150000 - 0x00007ff8604a4000 	C:\Windows\System32\combase.dll
0x00007ff85d610000 - 0x00007ff85d63e000 	C:\Windows\SYSTEM32\Wldp.dll
0x00007ff8600a0000 - 0x00007ff86014d000 	C:\Windows\System32\SHCORE.dll
0x00007ff860020000 - 0x00007ff860075000 	C:\Windows\System32\shlwapi.dll
0x00007ff85db00000 - 0x00007ff85db25000 	C:\Windows\SYSTEM32\profapi.dll

dbghelp: loaded successfully - version: 4.0.5 - missing functions: none
symbol engine: initialized successfully - sym options: 0x614 - pdb path: .;c:\Users\Student\.vscode\extensions\redhat.java-1.21.0-win32-x64\jre\17.0.7-win32-x86_64\bin;C:\Windows\SYSTEM32;C:\Windows\WinSxS\amd64_microsoft.windows.common-controls_6595b64144ccf1df_6.0.19041.1110_none_60b5254171f9507e;c:\Users\Student\.vscode\extensions\redhat.java-1.21.0-win32-x64\jre\17.0.7-win32-x86_64\bin\server

VM Arguments:
jvm_args: --add-modules=ALL-SYSTEM --add-opens=java.base/java.util=ALL-UNNAMED --add-opens=java.base/java.lang=ALL-UNNAMED --add-opens=java.base/sun.nio.fs=ALL-UNNAMED -Declipse.application=org.eclipse.jdt.ls.core.id1 -Dosgi.bundles.defaultStartLevel=4 -Declipse.product=org.eclipse.jdt.ls.core.product -Djava.import.generatesMetadataFilesAtProjectRoot=false -Dfile.encoding=utf8 -XX:+UseParallelGC -XX:GCTimeRatio=4 -XX:AdaptiveSizePolicyWeight=90 -Dsun.zip.disableMemoryMapping=true -Xmx1G -Xms100m -Xlog:disable -javaagent:c:\Users\Student\.vscode\extensions\redhat.java-1.21.0-win32-x64\lombok\lombok-1.18.28.jar -XX:+HeapDumpOnOutOfMemoryError -XX:HeapDumpPath=c:\Users\Student\AppData\Roaming\Code\User\workspaceStorage\66715cf3e2565ab72035d3590ffa100e\redhat.java -Daether.dependencyCollector.impl=bf 
java_command: c:\Users\Student\.vscode\extensions\redhat.java-1.21.0-win32-x64\server\plugins\org.eclipse.equinox.launcher_1.6.500.v20230717-2134.jar -configuration c:\Users\Student\AppData\Roaming\Code\User\globalStorage\redhat.java\1.21.0\config_win -data c:\Users\Student\AppData\Roaming\Code\User\workspaceStorage\66715cf3e2565ab72035d3590ffa100e\redhat.java\jdt_ws
java_class_path (initial): c:\Users\Student\.vscode\extensions\redhat.java-1.21.0-win32-x64\server\plugins\org.eclipse.equinox.launcher_1.6.500.v20230717-2134.jar
Launcher Type: SUN_STANDARD

[Global flags]
    uintx AdaptiveSizePolicyWeight                 = 90                                        {product} {command line}
     intx CICompilerCount                          = 4                                         {product} {ergonomic}
    uintx GCTimeRatio                              = 4                                         {product} {command line}
     bool HeapDumpOnOutOfMemoryError               = true                                   {manageable} {command line}
    ccstr HeapDumpPath                             = c:\Users\Student\AppData\Roaming\Code\User\workspaceStorage\66715cf3e2565ab72035d3590ffa100e\redhat.java         {manageable} {command line}
   size_t InitialHeapSize                          = 104857600                                 {product} {command line}
   size_t MaxHeapSize                              = 1073741824                                {product} {command line}
   size_t MaxNewSize                               = 357564416                                 {product} {ergonomic}
   size_t MinHeapDeltaBytes                        = 524288                                    {product} {ergonomic}
   size_t MinHeapSize                              = 104857600                                 {product} {command line}
   size_t NewSize                                  = 34603008                                  {product} {ergonomic}
    uintx NonNMethodCodeHeapSize                   = 5839372                                {pd product} {ergonomic}
    uintx NonProfiledCodeHeapSize                  = 122909434                              {pd product} {ergonomic}
   size_t OldSize                                  = 70254592                                  {product} {ergonomic}
    uintx ProfiledCodeHeapSize                     = 122909434                              {pd product} {ergonomic}
    uintx ReservedCodeCacheSize                    = 251658240                              {pd product} {ergonomic}
     bool SegmentedCodeCache                       = true                                      {product} {ergonomic}
   size_t SoftMaxHeapSize                          = 1073741824                             {manageable} {ergonomic}
     bool UseCompressedClassPointers               = true                           {product lp64_product} {ergonomic}
     bool UseCompressedOops                        = true                           {product lp64_product} {ergonomic}
     bool UseLargePagesIndividualAllocation        = false                                  {pd product} {ergonomic}
     bool UseParallelGC                            = true                                      {product} {command line}

Logging:
Log output configuration:
 #0: stdout all=off uptime,level,tags
 #1: stderr all=off uptime,level,tags

Environment Variables:
PATH=C:\Python311\Scripts\;C:\Python311\;C:\Program Files\Common Files\Oracle\Java\javapath;E:\app\Test\product\12.1.0\dbhome_1\bin;C:\Oracle\WINDOWS.X64_193000_db_home\bin;C:\Program Files\Java\jdk-17.0.5\bin;C:\Program Files (x86)\Common Files\Oracle\Java\javapath;C:\Windows\system32;C:\Windows;C:\Windows\System32\Wbem;C:\Windows\System32\WindowsPowerShell\v1.0\;C:\Windows\System32\OpenSSH\;C:\Program Files\Git\cmd;C:\Program Files\Microsoft SQL Server\Client SDK\ODBC\170\Tools\Binn\;C:\Program Files (x86)\Microsoft SQL Server\150\Tools\Binn\;C:\Program Files\Microsoft SQL Server\150\Tools\Binn\;C:\Program Files\Microsoft SQL Server\150\DTS\Binn\;C:\Program Files (x86)\Microsoft SQL Server\150\DTS\Binn\;C:\Program Files\Azure Data Studio\bin;C:\Program Files\nodejs\;C:\ProgramData\chocolatey\bin;C:\Program Files\dotnet\;C:\Users\Student\AppData\Local\Microsoft\WindowsApps;C:\Users\Student\AppData\Local\Programs\Microsoft VS Code\bin;C:\Program Files\Azure Data Studio\bin;C:\Users\Student\AppData\Roaming\npm;C:\AppServ\Apache24\bin;C:\AppServ\php7;C:\AppServ\MySQL\bin;C:\AppServ\Apache24\bin;C:\AppServ\php7;C:\AppServ\MySQL\bin;C:\AppServ\Apache24\bin;C:\AppServ\php7;C:\AppServ\MySQL\bin;C:\Program Files\Java\jdk-17.0.5\bin;C:\Program Files\Java\jre1.8.0_351\bin;C:\Users\Student\.dotnet\tools
USERNAME=Student
OS=Windows_NT
PROCESSOR_IDENTIFIER=Intel64 Family 6 Model 126 Stepping 5, GenuineIntel
TMP=C:\Users\Student\AppData\Local\Temp
TEMP=C:\Users\Student\AppData\Local\Temp



---------------  S Y S T E M  ---------------

OS:
 Windows 10 , 64 bit Build 19041 (10.0.19041.3155)
OS uptime: 3 days 2:30 hours

CPU: total 8 (initial active 8) (4 cores per cpu, 2 threads per core) family 6 model 126 stepping 5 microcode 0x86, cx8, cmov, fxsr, ht, mmx, 3dnowpref, sse, sse2, sse3, ssse3, sse4.1, sse4.2, popcnt, lzcnt, tsc, tscinvbit, avx, avx2, aes, erms, clmul, bmi1, bmi2, adx, avx512f, avx512dq, avx512cd, avx512bw, avx512vl, sha, fma, vzeroupper, avx512_vpopcntdq, avx512_vpclmulqdq, avx512_vaes, avx512_vnni, clflush, clflushopt, avx512_vbmi2, avx512_vbmi

Memory: 4k page, system-wide physical 16040M (4139M free)
TotalPageFile size 25315M (AvailPageFile size 11M)
current process WorkingSet (physical memory assigned to process): 31M, peak: 31M
current process commit charge ("private bytes"): 184M, peak: 184M

vm_info: OpenJDK 64-Bit Server VM (17.0.7+7) for windows-amd64 JRE (17.0.7+7), built on Apr 18 2023 22:10:42 by "temurin" with MS VC++ 16.7 (VS2019)

END.
